<?xml version="1.0" encoding="UTF-8"?>
<!-- Generated by org.testng.reporters.JUnitReportReporter -->
<testsuite skipped="0" hostname="DESKTOP-Q6RS37F" name="tuto.eclipse.testCases.TestBookingJAL1" tests="1" failures="0" timestamp="04 Jun 2019 09:53:05 GMT" time="21.187" errors="0">
  <testcase name="testBooking1" time="21.187" classname="tuto.eclipse.testCases.TestBookingJAL1"/>
</testsuite> <!-- tuto.eclipse.testCases.TestBookingJAL1 -->
