<?xml version="1.0" encoding="UTF-8"?>
<!-- Generated by org.testng.reporters.JUnitReportReporter -->
<testsuite skipped="0" hostname="DESKTOP-Q6RS37F" name="tuto.eclipse.testCases.TestBookingJAL1" tests="1" failures="0" timestamp="04 Jun 2019 13:38:44 GMT" time="26.352" errors="0">
  <testcase name="testBooking1" time="26.352" classname="tuto.eclipse.testCases.TestBookingJAL1"/>
</testsuite> <!-- tuto.eclipse.testCases.TestBookingJAL1 -->
