<?xml version="1.0" encoding="UTF-8"?>
<!-- Generated by org.testng.reporters.JUnitReportReporter -->
<testsuite skipped="0" hostname="DESKTOP-Q6RS37F" name="tuto.eclipse.jal.selenium.ng.TestBookingNG" tests="2" failures="0" timestamp="03 Jun 2019 12:29:04 GMT" time="17.801" errors="0">
  <testcase name="verifyHomepageTitle" time="2.965" classname="tuto.eclipse.jal.selenium.ng.TestBookingNG"/>
  <testcase name="verifyWeFindFlights" time="14.836" classname="tuto.eclipse.jal.selenium.ng.TestBookingNG"/>
</testsuite> <!-- tuto.eclipse.jal.selenium.ng.TestBookingNG -->
