<?xml version="1.0" encoding="UTF-8"?>
<!-- Generated by org.testng.reporters.JUnitReportReporter -->
<testsuite skipped="0" hostname="DESKTOP-Q6RS37F" name="tuto.eclipse.testCases.TestBookingJAL1" tests="1" failures="0" timestamp="03 Jun 2019 12:29:04 GMT" time="1.458" errors="0">
  <testcase name="testBooking1" time="1.458" classname="tuto.eclipse.testCases.TestBookingJAL1"/>
</testsuite> <!-- tuto.eclipse.testCases.TestBookingJAL1 -->
